INFO  2025-09-24 21:25:28,733 serena.cli:health_check:557 - Starting health check for project: /Users/topher/Code/rhizome-v2
INFO  2025-09-24 21:25:28,733 serena.cli:health_check:561 - Creating SerenaAgent with disabled dashboard...
INFO  2025-09-24 21:25:28,743 serena.agent:__init__:204 - Starting Serena server (version=0.1.4, process id=33719, parent process id=33718)
INFO  2025-09-24 21:25:28,743 serena.agent:__init__:205 - Configuration file: None
INFO  2025-09-24 21:25:28,743 serena.agent:__init__:206 - Available projects: 
INFO  2025-09-24 21:25:28,743 serena.agent:__init__:207 - Loaded tools (36): read_file, create_text_file, list_dir, find_file, replace_regex, delete_lines, replace_lines, insert_at_line, search_for_pattern, restart_language_server, get_symbols_overview, find_symbol, find_referencing_symbols, replace_symbol_body, insert_after_symbol, insert_before_symbol, write_memory, read_memory, list_memories, delete_memory, execute_shell_command, activate_project, remove_project, switch_modes, get_current_config, check_onboarding_performed, onboarding, think_about_collected_information, think_about_task_adherence, think_about_whether_you_are_done, summarize_changes, prepare_for_new_conversation, initial_instructions, jet_brains_find_symbol, jet_brains_find_referencing_symbols, jet_brains_get_symbols_overview
INFO  2025-09-24 21:25:28,744 serena.config.serena_config:apply:106 - SerenaAgentContext[name='desktop-app'] included 1 tools: switch_modes
INFO  2025-09-24 21:25:28,744 serena.agent:__init__:221 - Number of exposed tools: 26
INFO  2025-09-24 21:25:28,757 serena.agent:_update_active_tools:401 - Active tools (26): activate_project, check_onboarding_performed, create_text_file, delete_memory, execute_shell_command, find_file, find_referencing_symbols, find_symbol, get_current_config, get_symbols_overview, insert_after_symbol, insert_before_symbol, list_dir, list_memories, onboarding, prepare_for_new_conversation, read_file, read_memory, replace_regex, replace_symbol_body, search_for_pattern, switch_modes, think_about_collected_information, think_about_task_adherence, think_about_whether_you_are_done, write_memory
INFO  2025-09-24 21:25:28,759 serena.util.file_system:start:329 - Loading of .gitignore files starting ...
INFO  2025-09-24 21:25:28,759 serena.util.file_system:_load_gitignore_files:148 - Processing .gitignore file: /Users/topher/Code/rhizome-v2/.serena/.gitignore
INFO  2025-09-24 21:25:28,759 serena.util.file_system:stop:336 - Loading of .gitignore files completed in 0.000 seconds
INFO  2025-09-24 21:25:28,759 serena.agent:load_project_from_path_or_name:476 - Added new project rhizome-v2 for path /Users/topher/Code/rhizome-v2
INFO  2025-09-24 21:25:28,759 serena.agent:_activate_project:441 - Activating rhizome-v2 at /Users/topher/Code/rhizome-v2
INFO  2025-09-24 21:25:28,759 serena.agent:_update_active_tools:401 - Active tools (26): activate_project, check_onboarding_performed, create_text_file, delete_memory, execute_shell_command, find_file, find_referencing_symbols, find_symbol, get_current_config, get_symbols_overview, insert_after_symbol, insert_before_symbol, list_dir, list_memories, onboarding, prepare_for_new_conversation, read_file, read_memory, replace_regex, replace_symbol_body, search_for_pattern, switch_modes, think_about_collected_information, think_about_task_adherence, think_about_whether_you_are_done, write_memory
INFO  2025-09-24 21:25:28,759 serena.agent:issue_task:420 - Scheduling Task-1[init_language_server]
INFO  2025-09-24 21:25:28,759 serena.agent:start:329 - Task-1[init_language_server] starting ...
INFO  2025-09-24 21:25:28,759 serena.cli:health_check:564 - SerenaAgent created successfully
INFO  2025-09-24 21:25:28,759 serena.agent:start:329 - Language server initialization starting ...
INFO  2025-09-24 21:25:28,760 serena.cli:health_check:567 - Searching for analyzable files...
INFO  2025-09-24 21:25:28,760 serena.project:create_language_server:303 - Creating language server instance for /Users/topher/Code/rhizome-v2.
ERROR 2025-09-24 21:25:28,761 serena.cli:health_check:582 - No analyzable files found in project
